非终结语词在文法中无用

    feature_list


终端机在文法中未使用

    ERROR


语法

    0 $accept: program $end

    1 program: class_list

    2 class_list: class
    3           | class_list class

    4 class: CLASS TYPEID '{' dummy_feature_list '}' ';'
    5      | CLASS TYPEID INHERITS TYPEID '{' dummy_feature_list '}' ';'
    6      | error ';'

    7 dummy_feature_list: %empty
    8                   | dummy_feature_list feature

    9 feature: OBJECTID '(' formal_list ')' ':' TYPEID '{' expression '}' ';'
   10        | OBJECTID ':' TYPEID optional_assign ';'
   11        | error ';'

   12 formal_list: %empty
   13            | formal
   14            | formal_list ',' formal

   15 formal: OBJECTID ':' TYPEID

   16 expression_list1: %empty
   17                 | expression
   18                 | expression_list1 ',' expression

   19 expression_list2: expression ';'
   20                 | expression_list2 expression ';'
   21                 | error ';'

   22 expression: OBJECTID ASSIGN expression
   23           | expression '.' OBJECTID '(' expression_list1 ')'
   24           | expression '@' TYPEID '.' OBJECTID '(' expression_list1 ')'
   25           | OBJECTID '(' expression_list1 ')'
   26           | IF expression THEN expression ELSE expression FI
   27           | WHILE expression LOOP expression POOL
   28           | '{' expression_list2 '}'
   29           | LET let
   30           | CASE expression OF case_list ESAC
   31           | NEW TYPEID
   32           | ISVOID expression
   33           | expression '+' expression
   34           | expression '-' expression
   35           | expression '*' expression
   36           | expression '/' expression
   37           | '~' expression
   38           | expression '<' expression
   39           | expression LE expression
   40           | expression '=' expression
   41           | NOT expression
   42           | '(' expression ')'
   43           | OBJECTID
   44           | INT_CONST
   45           | STR_CONST
   46           | BOOL_CONST

   47 let: OBJECTID ':' TYPEID optional_assign IN expression
   48    | OBJECTID ':' TYPEID optional_assign ',' let
   49    | error IN expression
   50    | error ',' let

   51 case_list: case
   52          | case_list case

   53 case: OBJECTID ':' TYPEID DARROW expression ';'

   54 optional_assign: %empty
   55                | ASSIGN expression


终结语词，附有它们出现处的规则

    $end (0) 0
    '(' (40) 9 23 24 25 42
    ')' (41) 9 23 24 25 42
    '*' (42) 35
    '+' (43) 33
    ',' (44) 14 18 48 50
    '-' (45) 34
    '.' (46) 23 24
    '/' (47) 36
    ':' (58) 9 10 15 47 48 53
    ';' (59) 4 5 6 9 10 11 19 20 21 53
    '<' (60) 38
    '=' (61) 40
    '@' (64) 24
    '{' (123) 4 5 9 28
    '}' (125) 4 5 9 28
    '~' (126) 37
    error (256) 6 11 21 49 50
    CLASS (258) 4 5
    ELSE (259) 26
    FI (260) 26
    IF (261) 26
    IN (262) 47 49
    INHERITS (263) 5
    LET (264) 29
    LOOP (265) 27
    POOL (266) 27
    THEN (267) 26
    WHILE (268) 27
    CASE (269) 30
    ESAC (270) 30
    OF (271) 30
    DARROW (272) 53
    NEW (273) 31
    ISVOID (274) 32
    STR_CONST <symbol> (275) 45
    INT_CONST <symbol> (276) 44
    BOOL_CONST <boolean> (277) 46
    TYPEID <symbol> (278) 4 5 9 10 15 24 31 47 48 53
    OBJECTID <symbol> (279) 9 10 15 22 23 24 25 43 47 48 53
    ASSIGN (280) 22 55
    NOT (281) 41
    LE (282) 39
    ERROR (283)
    FLAG (285)


非终结语词，附有它们出现处的规则

    $accept (46)
        on left: 0
    program <program> (47)
        on left: 1
        on right: 0
    class_list <classes> (48)
        on left: 2 3
        on right: 1 3
    class <class_> (49)
        on left: 4 5 6
        on right: 2 3
    dummy_feature_list <features> (50)
        on left: 7 8
        on right: 4 5 8
    feature <feature> (51)
        on left: 9 10 11
        on right: 8
    formal_list <formals> (52)
        on left: 12 13 14
        on right: 9 14
    formal <formal> (53)
        on left: 15
        on right: 13 14
    expression_list1 <expressions> (54)
        on left: 16 17 18
        on right: 18 23 24 25
    expression_list2 <expressions> (55)
        on left: 19 20 21
        on right: 20 28
    expression <expression> (56)
        on left: 22 23 24 25 26 27 28 29 30 31 32 33 34 35 36 37 38 39 40 41 42 43 44 45 46
        on right: 9 17 18 19 20 22 23 24 26 27 30 32 33 34 35 36 37 38 39 40 41 42 47 49 53 55
    let <expression> (57)
        on left: 47 48 49 50
        on right: 29 48 50
    case_list <cases> (58)
        on left: 51 52
        on right: 30 52
    case <case_> (59)
        on left: 53
        on right: 51 52
    optional_assign <expression> (60)
        on left: 54 55
        on right: 10 47 48


状态 0

    0 $accept: • program $end

    error  偏移，并进入状态 1
    CLASS  偏移，并进入状态 2

    program     转到状态 3
    class_list  转到状态 4
    class       转到状态 5


状态 1

    6 class: error • ';'

    ';'  偏移，并进入状态 6


状态 2

    4 class: CLASS • TYPEID '{' dummy_feature_list '}' ';'
    5      | CLASS • TYPEID INHERITS TYPEID '{' dummy_feature_list '}' ';'

    TYPEID  偏移，并进入状态 7


状态 3

    0 $accept: program • $end

    $end  偏移，并进入状态 8


状态 4

    1 program: class_list •
    3 class_list: class_list • class

    error  偏移，并进入状态 1
    CLASS  偏移，并进入状态 2

    $end  使用规则 1 以归约 (program)

    class  转到状态 9


状态 5

    2 class_list: class •

    $default  使用规则 2 以归约 (class_list)


状态 6

    6 class: error ';' •

    $default  使用规则 6 以归约 (class)


状态 7

    4 class: CLASS TYPEID • '{' dummy_feature_list '}' ';'
    5      | CLASS TYPEID • INHERITS TYPEID '{' dummy_feature_list '}' ';'

    INHERITS  偏移，并进入状态 10
    '{'       偏移，并进入状态 11


状态 8

    0 $accept: program $end •

    $default  接受


状态 9

    3 class_list: class_list class •

    $default  使用规则 3 以归约 (class_list)


状态 10

    5 class: CLASS TYPEID INHERITS • TYPEID '{' dummy_feature_list '}' ';'

    TYPEID  偏移，并进入状态 12


状态 11

    4 class: CLASS TYPEID '{' • dummy_feature_list '}' ';'

    $default  使用规则 7 以归约 (dummy_feature_list)

    dummy_feature_list  转到状态 13


状态 12

    5 class: CLASS TYPEID INHERITS TYPEID • '{' dummy_feature_list '}' ';'

    '{'  偏移，并进入状态 14


状态 13

    4 class: CLASS TYPEID '{' dummy_feature_list • '}' ';'
    8 dummy_feature_list: dummy_feature_list • feature

    error     偏移，并进入状态 15
    OBJECTID  偏移，并进入状态 16
    '}'       偏移，并进入状态 17

    feature  转到状态 18


状态 14

    5 class: CLASS TYPEID INHERITS TYPEID '{' • dummy_feature_list '}' ';'

    $default  使用规则 7 以归约 (dummy_feature_list)

    dummy_feature_list  转到状态 19


状态 15

   11 feature: error • ';'

    ';'  偏移，并进入状态 20


状态 16

    9 feature: OBJECTID • '(' formal_list ')' ':' TYPEID '{' expression '}' ';'
   10        | OBJECTID • ':' TYPEID optional_assign ';'

    '('  偏移，并进入状态 21
    ':'  偏移，并进入状态 22


状态 17

    4 class: CLASS TYPEID '{' dummy_feature_list '}' • ';'

    ';'  偏移，并进入状态 23


状态 18

    8 dummy_feature_list: dummy_feature_list feature •

    $default  使用规则 8 以归约 (dummy_feature_list)


状态 19

    5 class: CLASS TYPEID INHERITS TYPEID '{' dummy_feature_list • '}' ';'
    8 dummy_feature_list: dummy_feature_list • feature

    error     偏移，并进入状态 15
    OBJECTID  偏移，并进入状态 16
    '}'       偏移，并进入状态 24

    feature  转到状态 18


状态 20

   11 feature: error ';' •

    $default  使用规则 11 以归约 (feature)


状态 21

    9 feature: OBJECTID '(' • formal_list ')' ':' TYPEID '{' expression '}' ';'

    OBJECTID  偏移，并进入状态 25

    $default  使用规则 12 以归约 (formal_list)

    formal_list  转到状态 26
    formal       转到状态 27


状态 22

   10 feature: OBJECTID ':' • TYPEID optional_assign ';'

    TYPEID  偏移，并进入状态 28


状态 23

    4 class: CLASS TYPEID '{' dummy_feature_list '}' ';' •

    $default  使用规则 4 以归约 (class)


状态 24

    5 class: CLASS TYPEID INHERITS TYPEID '{' dummy_feature_list '}' • ';'

    ';'  偏移，并进入状态 29


状态 25

   15 formal: OBJECTID • ':' TYPEID

    ':'  偏移，并进入状态 30


状态 26

    9 feature: OBJECTID '(' formal_list • ')' ':' TYPEID '{' expression '}' ';'
   14 formal_list: formal_list • ',' formal

    ')'  偏移，并进入状态 31
    ','  偏移，并进入状态 32


状态 27

   13 formal_list: formal •

    $default  使用规则 13 以归约 (formal_list)


状态 28

   10 feature: OBJECTID ':' TYPEID • optional_assign ';'

    ASSIGN  偏移，并进入状态 33

    $default  使用规则 54 以归约 (optional_assign)

    optional_assign  转到状态 34


状态 29

    5 class: CLASS TYPEID INHERITS TYPEID '{' dummy_feature_list '}' ';' •

    $default  使用规则 5 以归约 (class)


状态 30

   15 formal: OBJECTID ':' • TYPEID

    TYPEID  偏移，并进入状态 35


状态 31

    9 feature: OBJECTID '(' formal_list ')' • ':' TYPEID '{' expression '}' ';'

    ':'  偏移，并进入状态 36


状态 32

   14 formal_list: formal_list ',' • formal

    OBJECTID  偏移，并进入状态 25

    formal  转到状态 37


状态 33

   55 optional_assign: ASSIGN • expression

    IF          偏移，并进入状态 38
    LET         偏移，并进入状态 39
    WHILE       偏移，并进入状态 40
    CASE        偏移，并进入状态 41
    NEW         偏移，并进入状态 42
    ISVOID      偏移，并进入状态 43
    STR_CONST   偏移，并进入状态 44
    INT_CONST   偏移，并进入状态 45
    BOOL_CONST  偏移，并进入状态 46
    OBJECTID    偏移，并进入状态 47
    NOT         偏移，并进入状态 48
    '~'         偏移，并进入状态 49
    '{'         偏移，并进入状态 50
    '('         偏移，并进入状态 51

    expression  转到状态 52


状态 34

   10 feature: OBJECTID ':' TYPEID optional_assign • ';'

    ';'  偏移，并进入状态 53


状态 35

   15 formal: OBJECTID ':' TYPEID •

    $default  使用规则 15 以归约 (formal)


状态 36

    9 feature: OBJECTID '(' formal_list ')' ':' • TYPEID '{' expression '}' ';'

    TYPEID  偏移，并进入状态 54


状态 37

   14 formal_list: formal_list ',' formal •

    $default  使用规则 14 以归约 (formal_list)


状态 38

   26 expression: IF • expression THEN expression ELSE expression FI

    IF          偏移，并进入状态 38
    LET         偏移，并进入状态 39
    WHILE       偏移，并进入状态 40
    CASE        偏移，并进入状态 41
    NEW         偏移，并进入状态 42
    ISVOID      偏移，并进入状态 43
    STR_CONST   偏移，并进入状态 44
    INT_CONST   偏移，并进入状态 45
    BOOL_CONST  偏移，并进入状态 46
    OBJECTID    偏移，并进入状态 47
    NOT         偏移，并进入状态 48
    '~'         偏移，并进入状态 49
    '{'         偏移，并进入状态 50
    '('         偏移，并进入状态 51

    expression  转到状态 55


状态 39

   29 expression: LET • let

    error     偏移，并进入状态 56
    OBJECTID  偏移，并进入状态 57

    let  转到状态 58


状态 40

   27 expression: WHILE • expression LOOP expression POOL

    IF          偏移，并进入状态 38
    LET         偏移，并进入状态 39
    WHILE       偏移，并进入状态 40
    CASE        偏移，并进入状态 41
    NEW         偏移，并进入状态 42
    ISVOID      偏移，并进入状态 43
    STR_CONST   偏移，并进入状态 44
    INT_CONST   偏移，并进入状态 45
    BOOL_CONST  偏移，并进入状态 46
    OBJECTID    偏移，并进入状态 47
    NOT         偏移，并进入状态 48
    '~'         偏移，并进入状态 49
    '{'         偏移，并进入状态 50
    '('         偏移，并进入状态 51

    expression  转到状态 59


状态 41

   30 expression: CASE • expression OF case_list ESAC

    IF          偏移，并进入状态 38
    LET         偏移，并进入状态 39
    WHILE       偏移，并进入状态 40
    CASE        偏移，并进入状态 41
    NEW         偏移，并进入状态 42
    ISVOID      偏移，并进入状态 43
    STR_CONST   偏移，并进入状态 44
    INT_CONST   偏移，并进入状态 45
    BOOL_CONST  偏移，并进入状态 46
    OBJECTID    偏移，并进入状态 47
    NOT         偏移，并进入状态 48
    '~'         偏移，并进入状态 49
    '{'         偏移，并进入状态 50
    '('         偏移，并进入状态 51

    expression  转到状态 60


状态 42

   31 expression: NEW • TYPEID

    TYPEID  偏移，并进入状态 61


状态 43

   32 expression: ISVOID • expression

    IF          偏移，并进入状态 38
    LET         偏移，并进入状态 39
    WHILE       偏移，并进入状态 40
    CASE        偏移，并进入状态 41
    NEW         偏移，并进入状态 42
    ISVOID      偏移，并进入状态 43
    STR_CONST   偏移，并进入状态 44
    INT_CONST   偏移，并进入状态 45
    BOOL_CONST  偏移，并进入状态 46
    OBJECTID    偏移，并进入状态 47
    NOT         偏移，并进入状态 48
    '~'         偏移，并进入状态 49
    '{'         偏移，并进入状态 50
    '('         偏移，并进入状态 51

    expression  转到状态 62


状态 44

   45 expression: STR_CONST •

    $default  使用规则 45 以归约 (expression)


状态 45

   44 expression: INT_CONST •

    $default  使用规则 44 以归约 (expression)


状态 46

   46 expression: BOOL_CONST •

    $default  使用规则 46 以归约 (expression)


状态 47

   22 expression: OBJECTID • ASSIGN expression
   25           | OBJECTID • '(' expression_list1 ')'
   43           | OBJECTID •

    ASSIGN  偏移，并进入状态 63
    '('     偏移，并进入状态 64

    $default  使用规则 43 以归约 (expression)


状态 48

   41 expression: NOT • expression

    IF          偏移，并进入状态 38
    LET         偏移，并进入状态 39
    WHILE       偏移，并进入状态 40
    CASE        偏移，并进入状态 41
    NEW         偏移，并进入状态 42
    ISVOID      偏移，并进入状态 43
    STR_CONST   偏移，并进入状态 44
    INT_CONST   偏移，并进入状态 45
    BOOL_CONST  偏移，并进入状态 46
    OBJECTID    偏移，并进入状态 47
    NOT         偏移，并进入状态 48
    '~'         偏移，并进入状态 49
    '{'         偏移，并进入状态 50
    '('         偏移，并进入状态 51

    expression  转到状态 65


状态 49

   37 expression: '~' • expression

    IF          偏移，并进入状态 38
    LET         偏移，并进入状态 39
    WHILE       偏移，并进入状态 40
    CASE        偏移，并进入状态 41
    NEW         偏移，并进入状态 42
    ISVOID      偏移，并进入状态 43
    STR_CONST   偏移，并进入状态 44
    INT_CONST   偏移，并进入状态 45
    BOOL_CONST  偏移，并进入状态 46
    OBJECTID    偏移，并进入状态 47
    NOT         偏移，并进入状态 48
    '~'         偏移，并进入状态 49
    '{'         偏移，并进入状态 50
    '('         偏移，并进入状态 51

    expression  转到状态 66


状态 50

   28 expression: '{' • expression_list2 '}'

    error       偏移，并进入状态 67
    IF          偏移，并进入状态 38
    LET         偏移，并进入状态 39
    WHILE       偏移，并进入状态 40
    CASE        偏移，并进入状态 41
    NEW         偏移，并进入状态 42
    ISVOID      偏移，并进入状态 43
    STR_CONST   偏移，并进入状态 44
    INT_CONST   偏移，并进入状态 45
    BOOL_CONST  偏移，并进入状态 46
    OBJECTID    偏移，并进入状态 47
    NOT         偏移，并进入状态 48
    '~'         偏移，并进入状态 49
    '{'         偏移，并进入状态 50
    '('         偏移，并进入状态 51

    expression_list2  转到状态 68
    expression        转到状态 69


状态 51

   42 expression: '(' • expression ')'

    IF          偏移，并进入状态 38
    LET         偏移，并进入状态 39
    WHILE       偏移，并进入状态 40
    CASE        偏移，并进入状态 41
    NEW         偏移，并进入状态 42
    ISVOID      偏移，并进入状态 43
    STR_CONST   偏移，并进入状态 44
    INT_CONST   偏移，并进入状态 45
    BOOL_CONST  偏移，并进入状态 46
    OBJECTID    偏移，并进入状态 47
    NOT         偏移，并进入状态 48
    '~'         偏移，并进入状态 49
    '{'         偏移，并进入状态 50
    '('         偏移，并进入状态 51

    expression  转到状态 70


状态 52

   23 expression: expression • '.' OBJECTID '(' expression_list1 ')'
   24           | expression • '@' TYPEID '.' OBJECTID '(' expression_list1 ')'
   33           | expression • '+' expression
   34           | expression • '-' expression
   35           | expression • '*' expression
   36           | expression • '/' expression
   38           | expression • '<' expression
   39           | expression • LE expression
   40           | expression • '=' expression
   55 optional_assign: ASSIGN expression •

    LE   偏移，并进入状态 71
    '<'  偏移，并进入状态 72
    '='  偏移，并进入状态 73
    '+'  偏移，并进入状态 74
    '-'  偏移，并进入状态 75
    '*'  偏移，并进入状态 76
    '/'  偏移，并进入状态 77
    '@'  偏移，并进入状态 78
    '.'  偏移，并进入状态 79

    $default  使用规则 55 以归约 (optional_assign)


状态 53

   10 feature: OBJECTID ':' TYPEID optional_assign ';' •

    $default  使用规则 10 以归约 (feature)


状态 54

    9 feature: OBJECTID '(' formal_list ')' ':' TYPEID • '{' expression '}' ';'

    '{'  偏移，并进入状态 80


状态 55

   23 expression: expression • '.' OBJECTID '(' expression_list1 ')'
   24           | expression • '@' TYPEID '.' OBJECTID '(' expression_list1 ')'
   26           | IF expression • THEN expression ELSE expression FI
   33           | expression • '+' expression
   34           | expression • '-' expression
   35           | expression • '*' expression
   36           | expression • '/' expression
   38           | expression • '<' expression
   39           | expression • LE expression
   40           | expression • '=' expression

    THEN  偏移，并进入状态 81
    LE    偏移，并进入状态 71
    '<'   偏移，并进入状态 72
    '='   偏移，并进入状态 73
    '+'   偏移，并进入状态 74
    '-'   偏移，并进入状态 75
    '*'   偏移，并进入状态 76
    '/'   偏移，并进入状态 77
    '@'   偏移，并进入状态 78
    '.'   偏移，并进入状态 79


状态 56

   49 let: error • IN expression
   50    | error • ',' let

    IN   偏移，并进入状态 82
    ','  偏移，并进入状态 83


状态 57

   47 let: OBJECTID • ':' TYPEID optional_assign IN expression
   48    | OBJECTID • ':' TYPEID optional_assign ',' let

    ':'  偏移，并进入状态 84


状态 58

   29 expression: LET let •

    $default  使用规则 29 以归约 (expression)


状态 59

   23 expression: expression • '.' OBJECTID '(' expression_list1 ')'
   24           | expression • '@' TYPEID '.' OBJECTID '(' expression_list1 ')'
   27           | WHILE expression • LOOP expression POOL
   33           | expression • '+' expression
   34           | expression • '-' expression
   35           | expression • '*' expression
   36           | expression • '/' expression
   38           | expression • '<' expression
   39           | expression • LE expression
   40           | expression • '=' expression

    LOOP  偏移，并进入状态 85
    LE    偏移，并进入状态 71
    '<'   偏移，并进入状态 72
    '='   偏移，并进入状态 73
    '+'   偏移，并进入状态 74
    '-'   偏移，并进入状态 75
    '*'   偏移，并进入状态 76
    '/'   偏移，并进入状态 77
    '@'   偏移，并进入状态 78
    '.'   偏移，并进入状态 79


状态 60

   23 expression: expression • '.' OBJECTID '(' expression_list1 ')'
   24           | expression • '@' TYPEID '.' OBJECTID '(' expression_list1 ')'
   30           | CASE expression • OF case_list ESAC
   33           | expression • '+' expression
   34           | expression • '-' expression
   35           | expression • '*' expression
   36           | expression • '/' expression
   38           | expression • '<' expression
   39           | expression • LE expression
   40           | expression • '=' expression

    OF   偏移，并进入状态 86
    LE   偏移，并进入状态 71
    '<'  偏移，并进入状态 72
    '='  偏移，并进入状态 73
    '+'  偏移，并进入状态 74
    '-'  偏移，并进入状态 75
    '*'  偏移，并进入状态 76
    '/'  偏移，并进入状态 77
    '@'  偏移，并进入状态 78
    '.'  偏移，并进入状态 79


状态 61

   31 expression: NEW TYPEID •

    $default  使用规则 31 以归约 (expression)


状态 62

   23 expression: expression • '.' OBJECTID '(' expression_list1 ')'
   24           | expression • '@' TYPEID '.' OBJECTID '(' expression_list1 ')'
   32           | ISVOID expression •
   33           | expression • '+' expression
   34           | expression • '-' expression
   35           | expression • '*' expression
   36           | expression • '/' expression
   38           | expression • '<' expression
   39           | expression • LE expression
   40           | expression • '=' expression

    '@'  偏移，并进入状态 78
    '.'  偏移，并进入状态 79

    $default  使用规则 32 以归约 (expression)


状态 63

   22 expression: OBJECTID ASSIGN • expression

    IF          偏移，并进入状态 38
    LET         偏移，并进入状态 39
    WHILE       偏移，并进入状态 40
    CASE        偏移，并进入状态 41
    NEW         偏移，并进入状态 42
    ISVOID      偏移，并进入状态 43
    STR_CONST   偏移，并进入状态 44
    INT_CONST   偏移，并进入状态 45
    BOOL_CONST  偏移，并进入状态 46
    OBJECTID    偏移，并进入状态 47
    NOT         偏移，并进入状态 48
    '~'         偏移，并进入状态 49
    '{'         偏移，并进入状态 50
    '('         偏移，并进入状态 51

    expression  转到状态 87


状态 64

   25 expression: OBJECTID '(' • expression_list1 ')'

    IF          偏移，并进入状态 38
    LET         偏移，并进入状态 39
    WHILE       偏移，并进入状态 40
    CASE        偏移，并进入状态 41
    NEW         偏移，并进入状态 42
    ISVOID      偏移，并进入状态 43
    STR_CONST   偏移，并进入状态 44
    INT_CONST   偏移，并进入状态 45
    BOOL_CONST  偏移，并进入状态 46
    OBJECTID    偏移，并进入状态 47
    NOT         偏移，并进入状态 48
    '~'         偏移，并进入状态 49
    '{'         偏移，并进入状态 50
    '('         偏移，并进入状态 51

    $default  使用规则 16 以归约 (expression_list1)

    expression_list1  转到状态 88
    expression        转到状态 89


状态 65

   23 expression: expression • '.' OBJECTID '(' expression_list1 ')'
   24           | expression • '@' TYPEID '.' OBJECTID '(' expression_list1 ')'
   33           | expression • '+' expression
   34           | expression • '-' expression
   35           | expression • '*' expression
   36           | expression • '/' expression
   38           | expression • '<' expression
   39           | expression • LE expression
   40           | expression • '=' expression
   41           | NOT expression •

    LE   偏移，并进入状态 71
    '<'  偏移，并进入状态 72
    '='  偏移，并进入状态 73
    '+'  偏移，并进入状态 74
    '-'  偏移，并进入状态 75
    '*'  偏移，并进入状态 76
    '/'  偏移，并进入状态 77
    '@'  偏移，并进入状态 78
    '.'  偏移，并进入状态 79

    $default  使用规则 41 以归约 (expression)


状态 66

   23 expression: expression • '.' OBJECTID '(' expression_list1 ')'
   24           | expression • '@' TYPEID '.' OBJECTID '(' expression_list1 ')'
   33           | expression • '+' expression
   34           | expression • '-' expression
   35           | expression • '*' expression
   36           | expression • '/' expression
   37           | '~' expression •
   38           | expression • '<' expression
   39           | expression • LE expression
   40           | expression • '=' expression

    '@'  偏移，并进入状态 78
    '.'  偏移，并进入状态 79

    $default  使用规则 37 以归约 (expression)


状态 67

   21 expression_list2: error • ';'

    ';'  偏移，并进入状态 90


状态 68

   20 expression_list2: expression_list2 • expression ';'
   28 expression: '{' expression_list2 • '}'

    IF          偏移，并进入状态 38
    LET         偏移，并进入状态 39
    WHILE       偏移，并进入状态 40
    CASE        偏移，并进入状态 41
    NEW         偏移，并进入状态 42
    ISVOID      偏移，并进入状态 43
    STR_CONST   偏移，并进入状态 44
    INT_CONST   偏移，并进入状态 45
    BOOL_CONST  偏移，并进入状态 46
    OBJECTID    偏移，并进入状态 47
    NOT         偏移，并进入状态 48
    '~'         偏移，并进入状态 49
    '{'         偏移，并进入状态 50
    '}'         偏移，并进入状态 91
    '('         偏移，并进入状态 51

    expression  转到状态 92


状态 69

   19 expression_list2: expression • ';'
   23 expression: expression • '.' OBJECTID '(' expression_list1 ')'
   24           | expression • '@' TYPEID '.' OBJECTID '(' expression_list1 ')'
   33           | expression • '+' expression
   34           | expression • '-' expression
   35           | expression • '*' expression
   36           | expression • '/' expression
   38           | expression • '<' expression
   39           | expression • LE expression
   40           | expression • '=' expression

    LE   偏移，并进入状态 71
    '<'  偏移，并进入状态 72
    '='  偏移，并进入状态 73
    '+'  偏移，并进入状态 74
    '-'  偏移，并进入状态 75
    '*'  偏移，并进入状态 76
    '/'  偏移，并进入状态 77
    '@'  偏移，并进入状态 78
    '.'  偏移，并进入状态 79
    ';'  偏移，并进入状态 93


状态 70

   23 expression: expression • '.' OBJECTID '(' expression_list1 ')'
   24           | expression • '@' TYPEID '.' OBJECTID '(' expression_list1 ')'
   33           | expression • '+' expression
   34           | expression • '-' expression
   35           | expression • '*' expression
   36           | expression • '/' expression
   38           | expression • '<' expression
   39           | expression • LE expression
   40           | expression • '=' expression
   42           | '(' expression • ')'

    LE   偏移，并进入状态 71
    '<'  偏移，并进入状态 72
    '='  偏移，并进入状态 73
    '+'  偏移，并进入状态 74
    '-'  偏移，并进入状态 75
    '*'  偏移，并进入状态 76
    '/'  偏移，并进入状态 77
    '@'  偏移，并进入状态 78
    '.'  偏移，并进入状态 79
    ')'  偏移，并进入状态 94


状态 71

   39 expression: expression LE • expression

    IF          偏移，并进入状态 38
    LET         偏移，并进入状态 39
    WHILE       偏移，并进入状态 40
    CASE        偏移，并进入状态 41
    NEW         偏移，并进入状态 42
    ISVOID      偏移，并进入状态 43
    STR_CONST   偏移，并进入状态 44
    INT_CONST   偏移，并进入状态 45
    BOOL_CONST  偏移，并进入状态 46
    OBJECTID    偏移，并进入状态 47
    NOT         偏移，并进入状态 48
    '~'         偏移，并进入状态 49
    '{'         偏移，并进入状态 50
    '('         偏移，并进入状态 51

    expression  转到状态 95


状态 72

   38 expression: expression '<' • expression

    IF          偏移，并进入状态 38
    LET         偏移，并进入状态 39
    WHILE       偏移，并进入状态 40
    CASE        偏移，并进入状态 41
    NEW         偏移，并进入状态 42
    ISVOID      偏移，并进入状态 43
    STR_CONST   偏移，并进入状态 44
    INT_CONST   偏移，并进入状态 45
    BOOL_CONST  偏移，并进入状态 46
    OBJECTID    偏移，并进入状态 47
    NOT         偏移，并进入状态 48
    '~'         偏移，并进入状态 49
    '{'         偏移，并进入状态 50
    '('         偏移，并进入状态 51

    expression  转到状态 96


状态 73

   40 expression: expression '=' • expression

    IF          偏移，并进入状态 38
    LET         偏移，并进入状态 39
    WHILE       偏移，并进入状态 40
    CASE        偏移，并进入状态 41
    NEW         偏移，并进入状态 42
    ISVOID      偏移，并进入状态 43
    STR_CONST   偏移，并进入状态 44
    INT_CONST   偏移，并进入状态 45
    BOOL_CONST  偏移，并进入状态 46
    OBJECTID    偏移，并进入状态 47
    NOT         偏移，并进入状态 48
    '~'         偏移，并进入状态 49
    '{'         偏移，并进入状态 50
    '('         偏移，并进入状态 51

    expression  转到状态 97


状态 74

   33 expression: expression '+' • expression

    IF          偏移，并进入状态 38
    LET         偏移，并进入状态 39
    WHILE       偏移，并进入状态 40
    CASE        偏移，并进入状态 41
    NEW         偏移，并进入状态 42
    ISVOID      偏移，并进入状态 43
    STR_CONST   偏移，并进入状态 44
    INT_CONST   偏移，并进入状态 45
    BOOL_CONST  偏移，并进入状态 46
    OBJECTID    偏移，并进入状态 47
    NOT         偏移，并进入状态 48
    '~'         偏移，并进入状态 49
    '{'         偏移，并进入状态 50
    '('         偏移，并进入状态 51

    expression  转到状态 98


状态 75

   34 expression: expression '-' • expression

    IF          偏移，并进入状态 38
    LET         偏移，并进入状态 39
    WHILE       偏移，并进入状态 40
    CASE        偏移，并进入状态 41
    NEW         偏移，并进入状态 42
    ISVOID      偏移，并进入状态 43
    STR_CONST   偏移，并进入状态 44
    INT_CONST   偏移，并进入状态 45
    BOOL_CONST  偏移，并进入状态 46
    OBJECTID    偏移，并进入状态 47
    NOT         偏移，并进入状态 48
    '~'         偏移，并进入状态 49
    '{'         偏移，并进入状态 50
    '('         偏移，并进入状态 51

    expression  转到状态 99


状态 76

   35 expression: expression '*' • expression

    IF          偏移，并进入状态 38
    LET         偏移，并进入状态 39
    WHILE       偏移，并进入状态 40
    CASE        偏移，并进入状态 41
    NEW         偏移，并进入状态 42
    ISVOID      偏移，并进入状态 43
    STR_CONST   偏移，并进入状态 44
    INT_CONST   偏移，并进入状态 45
    BOOL_CONST  偏移，并进入状态 46
    OBJECTID    偏移，并进入状态 47
    NOT         偏移，并进入状态 48
    '~'         偏移，并进入状态 49
    '{'         偏移，并进入状态 50
    '('         偏移，并进入状态 51

    expression  转到状态 100


状态 77

   36 expression: expression '/' • expression

    IF          偏移，并进入状态 38
    LET         偏移，并进入状态 39
    WHILE       偏移，并进入状态 40
    CASE        偏移，并进入状态 41
    NEW         偏移，并进入状态 42
    ISVOID      偏移，并进入状态 43
    STR_CONST   偏移，并进入状态 44
    INT_CONST   偏移，并进入状态 45
    BOOL_CONST  偏移，并进入状态 46
    OBJECTID    偏移，并进入状态 47
    NOT         偏移，并进入状态 48
    '~'         偏移，并进入状态 49
    '{'         偏移，并进入状态 50
    '('         偏移，并进入状态 51

    expression  转到状态 101


状态 78

   24 expression: expression '@' • TYPEID '.' OBJECTID '(' expression_list1 ')'

    TYPEID  偏移，并进入状态 102


状态 79

   23 expression: expression '.' • OBJECTID '(' expression_list1 ')'

    OBJECTID  偏移，并进入状态 103


状态 80

    9 feature: OBJECTID '(' formal_list ')' ':' TYPEID '{' • expression '}' ';'

    IF          偏移，并进入状态 38
    LET         偏移，并进入状态 39
    WHILE       偏移，并进入状态 40
    CASE        偏移，并进入状态 41
    NEW         偏移，并进入状态 42
    ISVOID      偏移，并进入状态 43
    STR_CONST   偏移，并进入状态 44
    INT_CONST   偏移，并进入状态 45
    BOOL_CONST  偏移，并进入状态 46
    OBJECTID    偏移，并进入状态 47
    NOT         偏移，并进入状态 48
    '~'         偏移，并进入状态 49
    '{'         偏移，并进入状态 50
    '('         偏移，并进入状态 51

    expression  转到状态 104


状态 81

   26 expression: IF expression THEN • expression ELSE expression FI

    IF          偏移，并进入状态 38
    LET         偏移，并进入状态 39
    WHILE       偏移，并进入状态 40
    CASE        偏移，并进入状态 41
    NEW         偏移，并进入状态 42
    ISVOID      偏移，并进入状态 43
    STR_CONST   偏移，并进入状态 44
    INT_CONST   偏移，并进入状态 45
    BOOL_CONST  偏移，并进入状态 46
    OBJECTID    偏移，并进入状态 47
    NOT         偏移，并进入状态 48
    '~'         偏移，并进入状态 49
    '{'         偏移，并进入状态 50
    '('         偏移，并进入状态 51

    expression  转到状态 105


状态 82

   49 let: error IN • expression

    IF          偏移，并进入状态 38
    LET         偏移，并进入状态 39
    WHILE       偏移，并进入状态 40
    CASE        偏移，并进入状态 41
    NEW         偏移，并进入状态 42
    ISVOID      偏移，并进入状态 43
    STR_CONST   偏移，并进入状态 44
    INT_CONST   偏移，并进入状态 45
    BOOL_CONST  偏移，并进入状态 46
    OBJECTID    偏移，并进入状态 47
    NOT         偏移，并进入状态 48
    '~'         偏移，并进入状态 49
    '{'         偏移，并进入状态 50
    '('         偏移，并进入状态 51

    expression  转到状态 106


状态 83

   50 let: error ',' • let

    error     偏移，并进入状态 56
    OBJECTID  偏移，并进入状态 57

    let  转到状态 107


状态 84

   47 let: OBJECTID ':' • TYPEID optional_assign IN expression
   48    | OBJECTID ':' • TYPEID optional_assign ',' let

    TYPEID  偏移，并进入状态 108


状态 85

   27 expression: WHILE expression LOOP • expression POOL

    IF          偏移，并进入状态 38
    LET         偏移，并进入状态 39
    WHILE       偏移，并进入状态 40
    CASE        偏移，并进入状态 41
    NEW         偏移，并进入状态 42
    ISVOID      偏移，并进入状态 43
    STR_CONST   偏移，并进入状态 44
    INT_CONST   偏移，并进入状态 45
    BOOL_CONST  偏移，并进入状态 46
    OBJECTID    偏移，并进入状态 47
    NOT         偏移，并进入状态 48
    '~'         偏移，并进入状态 49
    '{'         偏移，并进入状态 50
    '('         偏移，并进入状态 51

    expression  转到状态 109


状态 86

   30 expression: CASE expression OF • case_list ESAC

    OBJECTID  偏移，并进入状态 110

    case_list  转到状态 111
    case       转到状态 112


状态 87

   22 expression: OBJECTID ASSIGN expression •
   23           | expression • '.' OBJECTID '(' expression_list1 ')'
   24           | expression • '@' TYPEID '.' OBJECTID '(' expression_list1 ')'
   33           | expression • '+' expression
   34           | expression • '-' expression
   35           | expression • '*' expression
   36           | expression • '/' expression
   38           | expression • '<' expression
   39           | expression • LE expression
   40           | expression • '=' expression

    LE   偏移，并进入状态 71
    '<'  偏移，并进入状态 72
    '='  偏移，并进入状态 73
    '+'  偏移，并进入状态 74
    '-'  偏移，并进入状态 75
    '*'  偏移，并进入状态 76
    '/'  偏移，并进入状态 77
    '@'  偏移，并进入状态 78
    '.'  偏移，并进入状态 79

    $default  使用规则 22 以归约 (expression)


状态 88

   18 expression_list1: expression_list1 • ',' expression
   25 expression: OBJECTID '(' expression_list1 • ')'

    ')'  偏移，并进入状态 113
    ','  偏移，并进入状态 114


状态 89

   17 expression_list1: expression •
   23 expression: expression • '.' OBJECTID '(' expression_list1 ')'
   24           | expression • '@' TYPEID '.' OBJECTID '(' expression_list1 ')'
   33           | expression • '+' expression
   34           | expression • '-' expression
   35           | expression • '*' expression
   36           | expression • '/' expression
   38           | expression • '<' expression
   39           | expression • LE expression
   40           | expression • '=' expression

    LE   偏移，并进入状态 71
    '<'  偏移，并进入状态 72
    '='  偏移，并进入状态 73
    '+'  偏移，并进入状态 74
    '-'  偏移，并进入状态 75
    '*'  偏移，并进入状态 76
    '/'  偏移，并进入状态 77
    '@'  偏移，并进入状态 78
    '.'  偏移，并进入状态 79

    $default  使用规则 17 以归约 (expression_list1)


状态 90

   21 expression_list2: error ';' •

    $default  使用规则 21 以归约 (expression_list2)


状态 91

   28 expression: '{' expression_list2 '}' •

    $default  使用规则 28 以归约 (expression)


状态 92

   20 expression_list2: expression_list2 expression • ';'
   23 expression: expression • '.' OBJECTID '(' expression_list1 ')'
   24           | expression • '@' TYPEID '.' OBJECTID '(' expression_list1 ')'
   33           | expression • '+' expression
   34           | expression • '-' expression
   35           | expression • '*' expression
   36           | expression • '/' expression
   38           | expression • '<' expression
   39           | expression • LE expression
   40           | expression • '=' expression

    LE   偏移，并进入状态 71
    '<'  偏移，并进入状态 72
    '='  偏移，并进入状态 73
    '+'  偏移，并进入状态 74
    '-'  偏移，并进入状态 75
    '*'  偏移，并进入状态 76
    '/'  偏移，并进入状态 77
    '@'  偏移，并进入状态 78
    '.'  偏移，并进入状态 79
    ';'  偏移，并进入状态 115


状态 93

   19 expression_list2: expression ';' •

    $default  使用规则 19 以归约 (expression_list2)


状态 94

   42 expression: '(' expression ')' •

    $default  使用规则 42 以归约 (expression)


状态 95

   23 expression: expression • '.' OBJECTID '(' expression_list1 ')'
   24           | expression • '@' TYPEID '.' OBJECTID '(' expression_list1 ')'
   33           | expression • '+' expression
   34           | expression • '-' expression
   35           | expression • '*' expression
   36           | expression • '/' expression
   38           | expression • '<' expression
   39           | expression • LE expression
   39           | expression LE expression •
   40           | expression • '=' expression

    '+'  偏移，并进入状态 74
    '-'  偏移，并进入状态 75
    '*'  偏移，并进入状态 76
    '/'  偏移，并进入状态 77
    '@'  偏移，并进入状态 78
    '.'  偏移，并进入状态 79

    LE   错误 (非相联的)
    '<'  错误 (非相联的)
    '='  错误 (非相联的)

    $default  使用规则 39 以归约 (expression)


状态 96

   23 expression: expression • '.' OBJECTID '(' expression_list1 ')'
   24           | expression • '@' TYPEID '.' OBJECTID '(' expression_list1 ')'
   33           | expression • '+' expression
   34           | expression • '-' expression
   35           | expression • '*' expression
   36           | expression • '/' expression
   38           | expression • '<' expression
   38           | expression '<' expression •
   39           | expression • LE expression
   40           | expression • '=' expression

    '+'  偏移，并进入状态 74
    '-'  偏移，并进入状态 75
    '*'  偏移，并进入状态 76
    '/'  偏移，并进入状态 77
    '@'  偏移，并进入状态 78
    '.'  偏移，并进入状态 79

    LE   错误 (非相联的)
    '<'  错误 (非相联的)
    '='  错误 (非相联的)

    $default  使用规则 38 以归约 (expression)


状态 97

   23 expression: expression • '.' OBJECTID '(' expression_list1 ')'
   24           | expression • '@' TYPEID '.' OBJECTID '(' expression_list1 ')'
   33           | expression • '+' expression
   34           | expression • '-' expression
   35           | expression • '*' expression
   36           | expression • '/' expression
   38           | expression • '<' expression
   39           | expression • LE expression
   40           | expression • '=' expression
   40           | expression '=' expression •

    '+'  偏移，并进入状态 74
    '-'  偏移，并进入状态 75
    '*'  偏移，并进入状态 76
    '/'  偏移，并进入状态 77
    '@'  偏移，并进入状态 78
    '.'  偏移，并进入状态 79

    LE   错误 (非相联的)
    '<'  错误 (非相联的)
    '='  错误 (非相联的)

    $default  使用规则 40 以归约 (expression)


状态 98

   23 expression: expression • '.' OBJECTID '(' expression_list1 ')'
   24           | expression • '@' TYPEID '.' OBJECTID '(' expression_list1 ')'
   33           | expression • '+' expression
   33           | expression '+' expression •
   34           | expression • '-' expression
   35           | expression • '*' expression
   36           | expression • '/' expression
   38           | expression • '<' expression
   39           | expression • LE expression
   40           | expression • '=' expression

    '*'  偏移，并进入状态 76
    '/'  偏移，并进入状态 77
    '@'  偏移，并进入状态 78
    '.'  偏移，并进入状态 79

    $default  使用规则 33 以归约 (expression)


状态 99

   23 expression: expression • '.' OBJECTID '(' expression_list1 ')'
   24           | expression • '@' TYPEID '.' OBJECTID '(' expression_list1 ')'
   33           | expression • '+' expression
   34           | expression • '-' expression
   34           | expression '-' expression •
   35           | expression • '*' expression
   36           | expression • '/' expression
   38           | expression • '<' expression
   39           | expression • LE expression
   40           | expression • '=' expression

    '*'  偏移，并进入状态 76
    '/'  偏移，并进入状态 77
    '@'  偏移，并进入状态 78
    '.'  偏移，并进入状态 79

    $default  使用规则 34 以归约 (expression)


状态 100

   23 expression: expression • '.' OBJECTID '(' expression_list1 ')'
   24           | expression • '@' TYPEID '.' OBJECTID '(' expression_list1 ')'
   33           | expression • '+' expression
   34           | expression • '-' expression
   35           | expression • '*' expression
   35           | expression '*' expression •
   36           | expression • '/' expression
   38           | expression • '<' expression
   39           | expression • LE expression
   40           | expression • '=' expression

    '@'  偏移，并进入状态 78
    '.'  偏移，并进入状态 79

    $default  使用规则 35 以归约 (expression)


状态 101

   23 expression: expression • '.' OBJECTID '(' expression_list1 ')'
   24           | expression • '@' TYPEID '.' OBJECTID '(' expression_list1 ')'
   33           | expression • '+' expression
   34           | expression • '-' expression
   35           | expression • '*' expression
   36           | expression • '/' expression
   36           | expression '/' expression •
   38           | expression • '<' expression
   39           | expression • LE expression
   40           | expression • '=' expression

    '@'  偏移，并进入状态 78
    '.'  偏移，并进入状态 79

    $default  使用规则 36 以归约 (expression)


状态 102

   24 expression: expression '@' TYPEID • '.' OBJECTID '(' expression_list1 ')'

    '.'  偏移，并进入状态 116


状态 103

   23 expression: expression '.' OBJECTID • '(' expression_list1 ')'

    '('  偏移，并进入状态 117


状态 104

    9 feature: OBJECTID '(' formal_list ')' ':' TYPEID '{' expression • '}' ';'
   23 expression: expression • '.' OBJECTID '(' expression_list1 ')'
   24           | expression • '@' TYPEID '.' OBJECTID '(' expression_list1 ')'
   33           | expression • '+' expression
   34           | expression • '-' expression
   35           | expression • '*' expression
   36           | expression • '/' expression
   38           | expression • '<' expression
   39           | expression • LE expression
   40           | expression • '=' expression

    LE   偏移，并进入状态 71
    '<'  偏移，并进入状态 72
    '='  偏移，并进入状态 73
    '+'  偏移，并进入状态 74
    '-'  偏移，并进入状态 75
    '*'  偏移，并进入状态 76
    '/'  偏移，并进入状态 77
    '@'  偏移，并进入状态 78
    '.'  偏移，并进入状态 79
    '}'  偏移，并进入状态 118


状态 105

   23 expression: expression • '.' OBJECTID '(' expression_list1 ')'
   24           | expression • '@' TYPEID '.' OBJECTID '(' expression_list1 ')'
   26           | IF expression THEN expression • ELSE expression FI
   33           | expression • '+' expression
   34           | expression • '-' expression
   35           | expression • '*' expression
   36           | expression • '/' expression
   38           | expression • '<' expression
   39           | expression • LE expression
   40           | expression • '=' expression

    ELSE  偏移，并进入状态 119
    LE    偏移，并进入状态 71
    '<'   偏移，并进入状态 72
    '='   偏移，并进入状态 73
    '+'   偏移，并进入状态 74
    '-'   偏移，并进入状态 75
    '*'   偏移，并进入状态 76
    '/'   偏移，并进入状态 77
    '@'   偏移，并进入状态 78
    '.'   偏移，并进入状态 79


状态 106

   23 expression: expression • '.' OBJECTID '(' expression_list1 ')'
   24           | expression • '@' TYPEID '.' OBJECTID '(' expression_list1 ')'
   33           | expression • '+' expression
   34           | expression • '-' expression
   35           | expression • '*' expression
   36           | expression • '/' expression
   38           | expression • '<' expression
   39           | expression • LE expression
   40           | expression • '=' expression
   49 let: error IN expression •

    LE   偏移，并进入状态 71
    '<'  偏移，并进入状态 72
    '='  偏移，并进入状态 73
    '+'  偏移，并进入状态 74
    '-'  偏移，并进入状态 75
    '*'  偏移，并进入状态 76
    '/'  偏移，并进入状态 77
    '@'  偏移，并进入状态 78
    '.'  偏移，并进入状态 79

    $default  使用规则 49 以归约 (let)


状态 107

   50 let: error ',' let •

    $default  使用规则 50 以归约 (let)


状态 108

   47 let: OBJECTID ':' TYPEID • optional_assign IN expression
   48    | OBJECTID ':' TYPEID • optional_assign ',' let

    ASSIGN  偏移，并进入状态 33

    $default  使用规则 54 以归约 (optional_assign)

    optional_assign  转到状态 120


状态 109

   23 expression: expression • '.' OBJECTID '(' expression_list1 ')'
   24           | expression • '@' TYPEID '.' OBJECTID '(' expression_list1 ')'
   27           | WHILE expression LOOP expression • POOL
   33           | expression • '+' expression
   34           | expression • '-' expression
   35           | expression • '*' expression
   36           | expression • '/' expression
   38           | expression • '<' expression
   39           | expression • LE expression
   40           | expression • '=' expression

    POOL  偏移，并进入状态 121
    LE    偏移，并进入状态 71
    '<'   偏移，并进入状态 72
    '='   偏移，并进入状态 73
    '+'   偏移，并进入状态 74
    '-'   偏移，并进入状态 75
    '*'   偏移，并进入状态 76
    '/'   偏移，并进入状态 77
    '@'   偏移，并进入状态 78
    '.'   偏移，并进入状态 79


状态 110

   53 case: OBJECTID • ':' TYPEID DARROW expression ';'

    ':'  偏移，并进入状态 122


状态 111

   30 expression: CASE expression OF case_list • ESAC
   52 case_list: case_list • case

    ESAC      偏移，并进入状态 123
    OBJECTID  偏移，并进入状态 110

    case  转到状态 124


状态 112

   51 case_list: case •

    $default  使用规则 51 以归约 (case_list)


状态 113

   25 expression: OBJECTID '(' expression_list1 ')' •

    $default  使用规则 25 以归约 (expression)


状态 114

   18 expression_list1: expression_list1 ',' • expression

    IF          偏移，并进入状态 38
    LET         偏移，并进入状态 39
    WHILE       偏移，并进入状态 40
    CASE        偏移，并进入状态 41
    NEW         偏移，并进入状态 42
    ISVOID      偏移，并进入状态 43
    STR_CONST   偏移，并进入状态 44
    INT_CONST   偏移，并进入状态 45
    BOOL_CONST  偏移，并进入状态 46
    OBJECTID    偏移，并进入状态 47
    NOT         偏移，并进入状态 48
    '~'         偏移，并进入状态 49
    '{'         偏移，并进入状态 50
    '('         偏移，并进入状态 51

    expression  转到状态 125


状态 115

   20 expression_list2: expression_list2 expression ';' •

    $default  使用规则 20 以归约 (expression_list2)


状态 116

   24 expression: expression '@' TYPEID '.' • OBJECTID '(' expression_list1 ')'

    OBJECTID  偏移，并进入状态 126


状态 117

   23 expression: expression '.' OBJECTID '(' • expression_list1 ')'

    IF          偏移，并进入状态 38
    LET         偏移，并进入状态 39
    WHILE       偏移，并进入状态 40
    CASE        偏移，并进入状态 41
    NEW         偏移，并进入状态 42
    ISVOID      偏移，并进入状态 43
    STR_CONST   偏移，并进入状态 44
    INT_CONST   偏移，并进入状态 45
    BOOL_CONST  偏移，并进入状态 46
    OBJECTID    偏移，并进入状态 47
    NOT         偏移，并进入状态 48
    '~'         偏移，并进入状态 49
    '{'         偏移，并进入状态 50
    '('         偏移，并进入状态 51

    $default  使用规则 16 以归约 (expression_list1)

    expression_list1  转到状态 127
    expression        转到状态 89


状态 118

    9 feature: OBJECTID '(' formal_list ')' ':' TYPEID '{' expression '}' • ';'

    ';'  偏移，并进入状态 128


状态 119

   26 expression: IF expression THEN expression ELSE • expression FI

    IF          偏移，并进入状态 38
    LET         偏移，并进入状态 39
    WHILE       偏移，并进入状态 40
    CASE        偏移，并进入状态 41
    NEW         偏移，并进入状态 42
    ISVOID      偏移，并进入状态 43
    STR_CONST   偏移，并进入状态 44
    INT_CONST   偏移，并进入状态 45
    BOOL_CONST  偏移，并进入状态 46
    OBJECTID    偏移，并进入状态 47
    NOT         偏移，并进入状态 48
    '~'         偏移，并进入状态 49
    '{'         偏移，并进入状态 50
    '('         偏移，并进入状态 51

    expression  转到状态 129


状态 120

   47 let: OBJECTID ':' TYPEID optional_assign • IN expression
   48    | OBJECTID ':' TYPEID optional_assign • ',' let

    IN   偏移，并进入状态 130
    ','  偏移，并进入状态 131


状态 121

   27 expression: WHILE expression LOOP expression POOL •

    $default  使用规则 27 以归约 (expression)


状态 122

   53 case: OBJECTID ':' • TYPEID DARROW expression ';'

    TYPEID  偏移，并进入状态 132


状态 123

   30 expression: CASE expression OF case_list ESAC •

    $default  使用规则 30 以归约 (expression)


状态 124

   52 case_list: case_list case •

    $default  使用规则 52 以归约 (case_list)


状态 125

   18 expression_list1: expression_list1 ',' expression •
   23 expression: expression • '.' OBJECTID '(' expression_list1 ')'
   24           | expression • '@' TYPEID '.' OBJECTID '(' expression_list1 ')'
   33           | expression • '+' expression
   34           | expression • '-' expression
   35           | expression • '*' expression
   36           | expression • '/' expression
   38           | expression • '<' expression
   39           | expression • LE expression
   40           | expression • '=' expression

    LE   偏移，并进入状态 71
    '<'  偏移，并进入状态 72
    '='  偏移，并进入状态 73
    '+'  偏移，并进入状态 74
    '-'  偏移，并进入状态 75
    '*'  偏移，并进入状态 76
    '/'  偏移，并进入状态 77
    '@'  偏移，并进入状态 78
    '.'  偏移，并进入状态 79

    $default  使用规则 18 以归约 (expression_list1)


状态 126

   24 expression: expression '@' TYPEID '.' OBJECTID • '(' expression_list1 ')'

    '('  偏移，并进入状态 133


状态 127

   18 expression_list1: expression_list1 • ',' expression
   23 expression: expression '.' OBJECTID '(' expression_list1 • ')'

    ')'  偏移，并进入状态 134
    ','  偏移，并进入状态 114


状态 128

    9 feature: OBJECTID '(' formal_list ')' ':' TYPEID '{' expression '}' ';' •

    $default  使用规则 9 以归约 (feature)


状态 129

   23 expression: expression • '.' OBJECTID '(' expression_list1 ')'
   24           | expression • '@' TYPEID '.' OBJECTID '(' expression_list1 ')'
   26           | IF expression THEN expression ELSE expression • FI
   33           | expression • '+' expression
   34           | expression • '-' expression
   35           | expression • '*' expression
   36           | expression • '/' expression
   38           | expression • '<' expression
   39           | expression • LE expression
   40           | expression • '=' expression

    FI   偏移，并进入状态 135
    LE   偏移，并进入状态 71
    '<'  偏移，并进入状态 72
    '='  偏移，并进入状态 73
    '+'  偏移，并进入状态 74
    '-'  偏移，并进入状态 75
    '*'  偏移，并进入状态 76
    '/'  偏移，并进入状态 77
    '@'  偏移，并进入状态 78
    '.'  偏移，并进入状态 79


状态 130

   47 let: OBJECTID ':' TYPEID optional_assign IN • expression

    IF          偏移，并进入状态 38
    LET         偏移，并进入状态 39
    WHILE       偏移，并进入状态 40
    CASE        偏移，并进入状态 41
    NEW         偏移，并进入状态 42
    ISVOID      偏移，并进入状态 43
    STR_CONST   偏移，并进入状态 44
    INT_CONST   偏移，并进入状态 45
    BOOL_CONST  偏移，并进入状态 46
    OBJECTID    偏移，并进入状态 47
    NOT         偏移，并进入状态 48
    '~'         偏移，并进入状态 49
    '{'         偏移，并进入状态 50
    '('         偏移，并进入状态 51

    expression  转到状态 136


状态 131

   48 let: OBJECTID ':' TYPEID optional_assign ',' • let

    error     偏移，并进入状态 56
    OBJECTID  偏移，并进入状态 57

    let  转到状态 137


状态 132

   53 case: OBJECTID ':' TYPEID • DARROW expression ';'

    DARROW  偏移，并进入状态 138


状态 133

   24 expression: expression '@' TYPEID '.' OBJECTID '(' • expression_list1 ')'

    IF          偏移，并进入状态 38
    LET         偏移，并进入状态 39
    WHILE       偏移，并进入状态 40
    CASE        偏移，并进入状态 41
    NEW         偏移，并进入状态 42
    ISVOID      偏移，并进入状态 43
    STR_CONST   偏移，并进入状态 44
    INT_CONST   偏移，并进入状态 45
    BOOL_CONST  偏移，并进入状态 46
    OBJECTID    偏移，并进入状态 47
    NOT         偏移，并进入状态 48
    '~'         偏移，并进入状态 49
    '{'         偏移，并进入状态 50
    '('         偏移，并进入状态 51

    $default  使用规则 16 以归约 (expression_list1)

    expression_list1  转到状态 139
    expression        转到状态 89


状态 134

   23 expression: expression '.' OBJECTID '(' expression_list1 ')' •

    $default  使用规则 23 以归约 (expression)


状态 135

   26 expression: IF expression THEN expression ELSE expression FI •

    $default  使用规则 26 以归约 (expression)


状态 136

   23 expression: expression • '.' OBJECTID '(' expression_list1 ')'
   24           | expression • '@' TYPEID '.' OBJECTID '(' expression_list1 ')'
   33           | expression • '+' expression
   34           | expression • '-' expression
   35           | expression • '*' expression
   36           | expression • '/' expression
   38           | expression • '<' expression
   39           | expression • LE expression
   40           | expression • '=' expression
   47 let: OBJECTID ':' TYPEID optional_assign IN expression •

    LE   偏移，并进入状态 71
    '<'  偏移，并进入状态 72
    '='  偏移，并进入状态 73
    '+'  偏移，并进入状态 74
    '-'  偏移，并进入状态 75
    '*'  偏移，并进入状态 76
    '/'  偏移，并进入状态 77
    '@'  偏移，并进入状态 78
    '.'  偏移，并进入状态 79

    $default  使用规则 47 以归约 (let)


状态 137

   48 let: OBJECTID ':' TYPEID optional_assign ',' let •

    $default  使用规则 48 以归约 (let)


状态 138

   53 case: OBJECTID ':' TYPEID DARROW • expression ';'

    IF          偏移，并进入状态 38
    LET         偏移，并进入状态 39
    WHILE       偏移，并进入状态 40
    CASE        偏移，并进入状态 41
    NEW         偏移，并进入状态 42
    ISVOID      偏移，并进入状态 43
    STR_CONST   偏移，并进入状态 44
    INT_CONST   偏移，并进入状态 45
    BOOL_CONST  偏移，并进入状态 46
    OBJECTID    偏移，并进入状态 47
    NOT         偏移，并进入状态 48
    '~'         偏移，并进入状态 49
    '{'         偏移，并进入状态 50
    '('         偏移，并进入状态 51

    expression  转到状态 140


状态 139

   18 expression_list1: expression_list1 • ',' expression
   24 expression: expression '@' TYPEID '.' OBJECTID '(' expression_list1 • ')'

    ')'  偏移，并进入状态 141
    ','  偏移，并进入状态 114


状态 140

   23 expression: expression • '.' OBJECTID '(' expression_list1 ')'
   24           | expression • '@' TYPEID '.' OBJECTID '(' expression_list1 ')'
   33           | expression • '+' expression
   34           | expression • '-' expression
   35           | expression • '*' expression
   36           | expression • '/' expression
   38           | expression • '<' expression
   39           | expression • LE expression
   40           | expression • '=' expression
   53 case: OBJECTID ':' TYPEID DARROW expression • ';'

    LE   偏移，并进入状态 71
    '<'  偏移，并进入状态 72
    '='  偏移，并进入状态 73
    '+'  偏移，并进入状态 74
    '-'  偏移，并进入状态 75
    '*'  偏移，并进入状态 76
    '/'  偏移，并进入状态 77
    '@'  偏移，并进入状态 78
    '.'  偏移，并进入状态 79
    ';'  偏移，并进入状态 142


状态 141

   24 expression: expression '@' TYPEID '.' OBJECTID '(' expression_list1 ')' •

    $default  使用规则 24 以归约 (expression)


状态 142

   53 case: OBJECTID ':' TYPEID DARROW expression ';' •

    $default  使用规则 53 以归约 (case)
